2017-01-05 09:24:26 | > xcrud.php







                             ____
                          __/ GO \__
                      >>>>l_(@)_(@)_l|

2017-01-05 09:26:45 | > xcrud.php
2017-01-05 09:26:45 | > menu.php







                             ____
                          __/ GO \__
                      >>>>l_(@)_(@)_l|

2017-01-05 09:27:01 | > xcrud.php
2017-01-05 09:27:01 | > menu.php
2017-01-05 09:29:12 | > xcrud.php
2017-01-05 09:29:12 | > xcrud.php
2017-01-05 09:29:12 | > xcrud.php







                             ____
                          __/ GO \__
                      >>>>l_(@)_(@)_l|

2017-01-05 09:32:01 | > xcrud.php
2017-01-05 09:32:01 | > menu.php
2017-01-05 09:32:06 | > xcrud.php
2017-01-05 09:32:06 | > xcrud.php
2017-01-05 09:32:06 | > xcrud.php







                             ____
                          __/ GO \__
                      >>>>l_(@)_(@)_l|

2017-01-05 09:35:13 | > xcrud.php
2017-01-05 09:35:13 | > menu.php







                             ____
                          __/ GO \__
                      >>>>l_(@)_(@)_l|

2017-01-05 09:35:15 | > xcrud.php
2017-01-05 09:35:15 | > menu.php







                             ____
                          __/ GO \__
                      >>>>l_(@)_(@)_l|

2017-01-05 09:35:30 | > xcrud.php
2017-01-05 09:35:30 | > menu.php







                             ____
                          __/ GO \__
                      >>>>l_(@)_(@)_l|

2017-01-05 09:35:38 | > xcrud.php
2017-01-05 09:35:38 | > menu.php







                             ____
                          __/ GO \__
                      >>>>l_(@)_(@)_l|

2017-01-05 09:35:39 | > xcrud.php
2017-01-05 09:35:40 | > menu.php







                             ____
                          __/ GO \__
                      >>>>l_(@)_(@)_l|

2017-01-05 09:35:47 | > xcrud.php
2017-01-05 09:35:47 | > menu.php







                             ____
                          __/ GO \__
                      >>>>l_(@)_(@)_l|

2017-01-05 09:36:09 | > xcrud.php
2017-01-05 09:36:09 | > menu.php







                             ____
                          __/ GO \__
                      >>>>l_(@)_(@)_l|

2017-01-05 09:36:25 | > xcrud.php
2017-01-05 09:36:25 | > menu.php







                             ____
                          __/ GO \__
                      >>>>l_(@)_(@)_l|

2017-01-05 09:37:02 | > xcrud.php
2017-01-05 09:37:02 | > menu.php
2017-01-05 09:37:29 | > xcrud.php
2017-01-05 09:37:29 | > xcrud.php
2017-01-05 09:37:30 | > xcrud.php







                             ____
                          __/ GO \__
                      >>>>l_(@)_(@)_l|

2017-01-05 09:39:17 | > xcrud.php
2017-01-05 09:39:17 | > menu.php







                             ____
                          __/ GO \__
                      >>>>l_(@)_(@)_l|

2017-01-05 09:39:25 | > xcrud.php
2017-01-05 09:39:25 | > menu.php







                             ____
                          __/ GO \__
                      >>>>l_(@)_(@)_l|

2017-01-05 09:39:27 | > xcrud.php
2017-01-05 09:39:27 | > menu.php







                             ____
                          __/ GO \__
                      >>>>l_(@)_(@)_l|

2017-01-05 09:40:26 | > xcrud.php
2017-01-05 09:40:26 | > menu.php







                             ____
                          __/ GO \__
                      >>>>l_(@)_(@)_l|

2017-01-05 09:45:09 | > xcrud.php
2017-01-05 09:45:09 | > menu.php







                             ____
                          __/ GO \__
                      >>>>l_(@)_(@)_l|

2017-01-05 09:45:11 | > xcrud.php
2017-01-05 09:45:11 | > menu.php







                             ____
                          __/ GO \__
                      >>>>l_(@)_(@)_l|

2017-01-05 09:45:33 | > xcrud.php
2017-01-05 09:45:33 | > menu.php
